<?xml version="1.0" encoding="UTF-8"?>
<!-- Generated by org.testng.reporters.JUnitReportReporter -->
<testsuite hostname="PC" failures="0" tests="3" name="testCaseces.LoginTestCase" time="21.819" errors="0" timestamp="2023-07-04T19:32:45 EDT" skipped="0">
  <testcase classname="testCaseces.LoginTestCase" name="verifyLogin" time="5.795"/>
  <testcase classname="testCaseces.LoginTestCase" name="verifyLogin" time="12.892"/>
  <testcase classname="testCaseces.LoginTestCase" name="verifyLogin" time="3.132"/>
</testsuite> <!-- testCaseces.LoginTestCase -->
