<?xml version="1.0" encoding="UTF-8"?>
<!-- Generated by org.testng.reporters.JUnitReportReporter -->
<testsuite hostname="PC" failures="0" tests="1" name="testCaseces.SignUpTestCases" time="24.329" errors="0" timestamp="2023-07-04T19:32:45 EDT" skipped="0">
  <testcase classname="testCaseces.SignUpTestCases" name="verifySignup" time="24.329"/>
</testsuite> <!-- testCaseces.SignUpTestCases -->
